0 info it worked if it ends with ok
1 verbose cli [ '/usr/local/bin/node', '/usr/local/bin/npm', 'install' ]
2 info using npm@2.14.7
3 info using node@v4.2.3
4 verbose readDependencies loading dependencies from /Users/karanrajpal/Downloads/5306 Crowd/sample-project/package.json
5 verbose install where, deps [ '/Users/karanrajpal/Downloads/5306 Crowd/sample-project',
5 verbose install   [ 'bootstrap',
5 verbose install     'classnames',
5 verbose install     'formsy-react',
5 verbose install     'formsy-react-components',
5 verbose install     'js-cookie',
5 verbose install     'load-script',
5 verbose install     'react',
5 verbose install     'react-addons-pure-render-mixin',
5 verbose install     'react-bootstrap',
5 verbose install     'react-dom',
5 verbose install     'react-komposer',
5 verbose install     'react-mounter',
5 verbose install     'react-no-ssr',
5 verbose install     'tracker-component',
5 verbose install     'autoprefixer' ] ]
6 verbose install where, peers [ '/Users/karanrajpal/Downloads/5306 Crowd/sample-project', [] ]
7 verbose installManyTop reading for lifecycle /Users/karanrajpal/Downloads/5306 Crowd/sample-project/package.json
8 info preinstall Nova@0.0.0
9 verbose installManyTop reading scoped package data from /Users/karanrajpal/Downloads/5306 Crowd/sample-project/node_modules/autoprefixer/package.json
10 verbose installManyTop reading scoped package data from /Users/karanrajpal/Downloads/5306 Crowd/sample-project/node_modules/bootstrap/package.json
11 verbose installManyTop reading scoped package data from /Users/karanrajpal/Downloads/5306 Crowd/sample-project/node_modules/classnames/package.json
12 verbose installManyTop reading scoped package data from /Users/karanrajpal/Downloads/5306 Crowd/sample-project/node_modules/formsy-react/package.json
13 verbose installManyTop reading scoped package data from /Users/karanrajpal/Downloads/5306 Crowd/sample-project/node_modules/formsy-react-components/package.json
14 verbose installManyTop reading scoped package data from /Users/karanrajpal/Downloads/5306 Crowd/sample-project/node_modules/js-cookie/package.json
15 verbose installManyTop reading scoped package data from /Users/karanrajpal/Downloads/5306 Crowd/sample-project/node_modules/load-script/package.json
16 verbose installManyTop reading scoped package data from /Users/karanrajpal/Downloads/5306 Crowd/sample-project/node_modules/react/package.json
17 verbose installManyTop reading scoped package data from /Users/karanrajpal/Downloads/5306 Crowd/sample-project/node_modules/react-addons-pure-render-mixin/package.json
18 verbose installManyTop reading scoped package data from /Users/karanrajpal/Downloads/5306 Crowd/sample-project/node_modules/react-bootstrap/package.json
19 verbose installManyTop reading scoped package data from /Users/karanrajpal/Downloads/5306 Crowd/sample-project/node_modules/react-dom/package.json
20 verbose installManyTop reading scoped package data from /Users/karanrajpal/Downloads/5306 Crowd/sample-project/node_modules/react-komposer/package.json
21 verbose installManyTop reading scoped package data from /Users/karanrajpal/Downloads/5306 Crowd/sample-project/node_modules/react-mounter/package.json
22 verbose installManyTop reading scoped package data from /Users/karanrajpal/Downloads/5306 Crowd/sample-project/node_modules/react-no-ssr/package.json
23 verbose installManyTop reading scoped package data from /Users/karanrajpal/Downloads/5306 Crowd/sample-project/node_modules/tracker-component/package.json
24 verbose readDependencies loading dependencies from /Users/karanrajpal/Downloads/5306 Crowd/sample-project/package.json
25 verbose targetResolver reading package data from /Users/karanrajpal/Downloads/5306 Crowd/sample-project/node_modules/autoprefixer/package.json
26 verbose targetResolver reading package data from /Users/karanrajpal/Downloads/5306 Crowd/sample-project/node_modules/bootstrap/package.json
27 verbose targetResolver reading package data from /Users/karanrajpal/Downloads/5306 Crowd/sample-project/node_modules/classnames/package.json
28 verbose targetResolver reading package data from /Users/karanrajpal/Downloads/5306 Crowd/sample-project/node_modules/formsy-react/package.json
29 verbose targetResolver reading package data from /Users/karanrajpal/Downloads/5306 Crowd/sample-project/node_modules/formsy-react-components/package.json
30 verbose targetResolver reading package data from /Users/karanrajpal/Downloads/5306 Crowd/sample-project/node_modules/js-cookie/package.json
31 verbose targetResolver reading package data from /Users/karanrajpal/Downloads/5306 Crowd/sample-project/node_modules/load-script/package.json
32 verbose targetResolver reading package data from /Users/karanrajpal/Downloads/5306 Crowd/sample-project/node_modules/react/package.json
33 verbose targetResolver reading package data from /Users/karanrajpal/Downloads/5306 Crowd/sample-project/node_modules/react-addons-pure-render-mixin/package.json
34 verbose targetResolver reading package data from /Users/karanrajpal/Downloads/5306 Crowd/sample-project/node_modules/react-bootstrap/package.json
35 verbose targetResolver reading package data from /Users/karanrajpal/Downloads/5306 Crowd/sample-project/node_modules/react-dom/package.json
36 verbose targetResolver reading package data from /Users/karanrajpal/Downloads/5306 Crowd/sample-project/node_modules/react-komposer/package.json
37 verbose targetResolver reading package data from /Users/karanrajpal/Downloads/5306 Crowd/sample-project/node_modules/react-mounter/package.json
38 verbose targetResolver reading package data from /Users/karanrajpal/Downloads/5306 Crowd/sample-project/node_modules/react-no-ssr/package.json
39 verbose targetResolver reading package data from /Users/karanrajpal/Downloads/5306 Crowd/sample-project/node_modules/tracker-component/package.json
40 verbose already installed skipping formsy-react@^0.17.0 /Users/karanrajpal/Downloads/5306 Crowd/sample-project
41 verbose already installed skipping formsy-react-components@^0.6.6 /Users/karanrajpal/Downloads/5306 Crowd/sample-project
42 verbose already installed skipping js-cookie@^2.1.0 /Users/karanrajpal/Downloads/5306 Crowd/sample-project
43 verbose already installed skipping load-script@^1.0.0 /Users/karanrajpal/Downloads/5306 Crowd/sample-project
44 verbose already installed skipping react@^15.0.1 /Users/karanrajpal/Downloads/5306 Crowd/sample-project
45 verbose already installed skipping react-addons-pure-render-mixin@^15.0.0 /Users/karanrajpal/Downloads/5306 Crowd/sample-project
46 verbose already installed skipping react-bootstrap@^0.28.5 /Users/karanrajpal/Downloads/5306 Crowd/sample-project
47 verbose already installed skipping react-dom@^15.0.0 /Users/karanrajpal/Downloads/5306 Crowd/sample-project
48 verbose already installed skipping react-komposer@^1.8.0 /Users/karanrajpal/Downloads/5306 Crowd/sample-project
49 verbose already installed skipping react-mounter@^1.2.0 /Users/karanrajpal/Downloads/5306 Crowd/sample-project
50 verbose already installed skipping react-no-ssr@^1.1.0 /Users/karanrajpal/Downloads/5306 Crowd/sample-project
51 verbose already installed skipping tracker-component@^1.3.14 /Users/karanrajpal/Downloads/5306 Crowd/sample-project
52 verbose already installed skipping autoprefixer@^6.3.6 /Users/karanrajpal/Downloads/5306 Crowd/sample-project
53 verbose already installed skipping bootstrap@^4.0.0-alpha.2 /Users/karanrajpal/Downloads/5306 Crowd/sample-project
54 verbose already installed skipping classnames@^2.2.3 /Users/karanrajpal/Downloads/5306 Crowd/sample-project
55 silly install resolved []
56 info build /Users/karanrajpal/Downloads/5306 Crowd/sample-project
57 info linkStuff Nova@0.0.0
58 silly linkStuff Nova@0.0.0 has /Users/karanrajpal/Downloads/5306 Crowd as its parent node_modules
59 verbose linkBins Nova@0.0.0
60 verbose linkMans Nova@0.0.0
61 verbose rebuildBundles Nova@0.0.0
62 verbose rebuildBundles [ 'autoprefixer',
62 verbose rebuildBundles   'bootstrap',
62 verbose rebuildBundles   'classnames',
62 verbose rebuildBundles   'formsy-react',
62 verbose rebuildBundles   'formsy-react-components',
62 verbose rebuildBundles   'js-cookie',
62 verbose rebuildBundles   'load-script',
62 verbose rebuildBundles   'react',
62 verbose rebuildBundles   'react-addons-pure-render-mixin',
62 verbose rebuildBundles   'react-bootstrap',
62 verbose rebuildBundles   'react-dom',
62 verbose rebuildBundles   'react-komposer',
62 verbose rebuildBundles   'react-mounter',
62 verbose rebuildBundles   'react-no-ssr',
62 verbose rebuildBundles   'tracker-component' ]
63 info install Nova@0.0.0
64 info postinstall Nova@0.0.0
65 info prepublish Nova@0.0.0
66 verbose validateInstall loading /Users/karanrajpal/Downloads/5306 Crowd/sample-project/package.json for validation
67 verbose stack Error: The package react@15.0.1 does not satisfy its siblings' peerDependencies requirements!
67 verbose stack     at /usr/local/lib/node_modules/npm/lib/install.js:125:32
67 verbose stack     at /usr/local/lib/node_modules/npm/lib/install.js:268:7
67 verbose stack     at /usr/local/lib/node_modules/npm/node_modules/read-installed/read-installed.js:142:5
67 verbose stack     at /usr/local/lib/node_modules/npm/node_modules/read-installed/read-installed.js:263:14
67 verbose stack     at cb (/usr/local/lib/node_modules/npm/node_modules/slide/lib/async-map.js:47:24)
67 verbose stack     at /usr/local/lib/node_modules/npm/node_modules/read-installed/read-installed.js:263:14
67 verbose stack     at cb (/usr/local/lib/node_modules/npm/node_modules/slide/lib/async-map.js:47:24)
67 verbose stack     at /usr/local/lib/node_modules/npm/node_modules/read-installed/read-installed.js:263:14
67 verbose stack     at cb (/usr/local/lib/node_modules/npm/node_modules/slide/lib/async-map.js:47:24)
67 verbose stack     at /usr/local/lib/node_modules/npm/node_modules/read-installed/read-installed.js:263:14
68 verbose cwd /Users/karanrajpal/Downloads/5306 Crowd/sample-project
69 error Darwin 15.3.0
70 error argv "/usr/local/bin/node" "/usr/local/bin/npm" "install"
71 error node v4.2.3
72 error npm  v2.14.7
73 error code EPEERINVALID
74 error peerinvalid The package react@15.0.1 does not satisfy its siblings' peerDependencies requirements!
74 error peerinvalid Peer formsy-react@0.17.0 wants react@^0.14.0
74 error peerinvalid Peer react-addons-pure-render-mixin@15.0.1 wants react@^15.0.1
74 error peerinvalid Peer react-bootstrap@0.28.5 wants react@>=0.14.0
74 error peerinvalid Peer react-dom@15.0.1 wants react@^15.0.1
74 error peerinvalid Peer react-komposer@1.8.0 wants react@^0.14.3 || ^15.0.0
74 error peerinvalid Peer react-mounter@1.2.0 wants react@0.14.x || 15.x.x
74 error peerinvalid Peer react-no-ssr@1.1.0 wants react@^0.14.0 || ^15.0.0
74 error peerinvalid Peer tracker-component@1.3.16 wants react@>=0.14.7 || ^15.0.0-rc.2
75 verbose exit [ 1, true ]
